0 info it worked if it ends with ok
1 verbose cli [ '/usr/bin/node', '/usr/bin/npm', 'install', 'shelljs' ]
2 info using npm@1.4.28
3 info using node@v0.10.38
4 verbose node symlink /usr/bin/node
5 verbose readDependencies using package.json deps
6 verbose cache add [ 'shelljs', null ]
7 verbose cache add name=undefined spec="shelljs" args=["shelljs",null]
8 verbose parsed url { protocol: null,
8 verbose parsed url   slashes: null,
8 verbose parsed url   auth: null,
8 verbose parsed url   host: null,
8 verbose parsed url   port: null,
8 verbose parsed url   hostname: null,
8 verbose parsed url   hash: null,
8 verbose parsed url   search: null,
8 verbose parsed url   query: null,
8 verbose parsed url   pathname: 'shelljs',
8 verbose parsed url   path: 'shelljs',
8 verbose parsed url   href: 'shelljs' }
9 silly lockFile eb06dd96-shelljs shelljs
10 verbose lock shelljs /home/yandrak/.npm/eb06dd96-shelljs.lock
11 silly lockFile eb06dd96-shelljs shelljs
12 silly lockFile eb06dd96-shelljs shelljs
13 verbose addNamed [ 'shelljs', '' ]
14 verbose addNamed [ null, '*' ]
15 silly lockFile 9724384e-shelljs shelljs@
16 verbose lock shelljs@ /home/yandrak/.npm/9724384e-shelljs.lock
17 silly addNameRange { name: 'shelljs', range: '*', hasData: false }
18 verbose request where is /shelljs
19 verbose request registry https://registry.npmjs.org/
20 verbose request id 0c5d5c7f67d87c8b
21 verbose url raw /shelljs
22 verbose url resolving [ 'https://registry.npmjs.org/', './shelljs' ]
23 verbose url resolved https://registry.npmjs.org/shelljs
24 verbose request where is https://registry.npmjs.org/shelljs
25 info trying registry request attempt 1 at 13:40:34
26 verbose etag "4UKG5N899NOH8QL8VH02H8YM1"
27 http GET https://registry.npmjs.org/shelljs
28 http 200 https://registry.npmjs.org/shelljs
29 silly registry.get cb [ 200,
29 silly registry.get   { server: 'CouchDB/1.5.0 (Erlang OTP/R16B03)',
29 silly registry.get     etag: '"EMMWJJJKQICHQCPJPZG9BY4D8"',
29 silly registry.get     'content-type': 'application/json',
29 silly registry.get     'cache-control': 'max-age=60',
29 silly registry.get     'content-length': '47960',
29 silly registry.get     'accept-ranges': 'bytes',
29 silly registry.get     date: 'Thu, 07 May 2015 11:40:33 GMT',
29 silly registry.get     via: '1.1 varnish',
29 silly registry.get     age: '52',
29 silly registry.get     connection: 'keep-alive',
29 silly registry.get     'x-served-by': 'cache-fra1222-FRA',
29 silly registry.get     'x-cache': 'HIT',
29 silly registry.get     'x-cache-hits': '1',
29 silly registry.get     'x-timer': 'S1430998833.319800,VS0,VE0',
29 silly registry.get     vary: 'Accept' } ]
30 silly addNameRange number 2 { name: 'shelljs', range: '*', hasData: true }
31 silly addNameRange versions [ 'shelljs',
31 silly addNameRange   [ '0.0.1',
31 silly addNameRange     '0.0.2',
31 silly addNameRange     '0.0.3',
31 silly addNameRange     '0.0.4',
31 silly addNameRange     '0.0.5',
31 silly addNameRange     '0.0.6',
31 silly addNameRange     '0.0.7',
31 silly addNameRange     '0.0.8',
31 silly addNameRange     '0.0.9',
31 silly addNameRange     '0.1.0',
31 silly addNameRange     '0.1.1',
31 silly addNameRange     '0.1.2',
31 silly addNameRange     '0.1.3',
31 silly addNameRange     '0.1.4',
31 silly addNameRange     '0.2.0',
31 silly addNameRange     '0.2.1',
31 silly addNameRange     '0.2.2',
31 silly addNameRange     '0.2.3',
31 silly addNameRange     '0.2.4',
31 silly addNameRange     '0.2.5',
31 silly addNameRange     '0.2.6',
31 silly addNameRange     '0.3.0',
31 silly addNameRange     '0.4.0',
31 silly addNameRange     '0.0.1-alpha1',
31 silly addNameRange     '0.0.2-pre1',
31 silly addNameRange     '0.0.4-pre1',
31 silly addNameRange     '0.0.5-pre1',
31 silly addNameRange     '0.0.5-pre2',
31 silly addNameRange     '0.0.5-pre3',
31 silly addNameRange     '0.0.5-pre4',
31 silly addNameRange     '0.0.6-pre1',
31 silly addNameRange     '0.0.6-pre2' ] ]
32 verbose addNamed [ 'shelljs', '0.4.0' ]
33 verbose addNamed [ '0.4.0', '0.4.0' ]
34 silly lockFile 4eefcf44-shelljs-0-4-0 shelljs@0.4.0
35 verbose lock shelljs@0.4.0 /home/yandrak/.npm/4eefcf44-shelljs-0-4-0.lock
36 silly lockFile 48adf90c-js-org-shelljs-shelljs-0-4-0-tgz https://registry.npmjs.org/shelljs/-/shelljs-0.4.0.tgz
37 verbose lock https://registry.npmjs.org/shelljs/-/shelljs-0.4.0.tgz /home/yandrak/.npm/48adf90c-js-org-shelljs-shelljs-0-4-0-tgz.lock
38 verbose addRemoteTarball [ 'https://registry.npmjs.org/shelljs/-/shelljs-0.4.0.tgz',
38 verbose addRemoteTarball   '199fe9e2de379efd03d345ff14062525e4b31ec2' ]
39 info retry fetch attempt 1 at 13:40:35
40 verbose fetch to= /tmp/npm-3506-699LBtUs/registry.npmjs.org/shelljs/-/shelljs-0.4.0.tgz
41 http GET https://registry.npmjs.org/shelljs/-/shelljs-0.4.0.tgz
42 http 200 https://registry.npmjs.org/shelljs/-/shelljs-0.4.0.tgz
43 silly lockFile 48adf90c-js-org-shelljs-shelljs-0-4-0-tgz https://registry.npmjs.org/shelljs/-/shelljs-0.4.0.tgz
44 silly lockFile 48adf90c-js-org-shelljs-shelljs-0-4-0-tgz https://registry.npmjs.org/shelljs/-/shelljs-0.4.0.tgz
45 silly lockFile 4eefcf44-shelljs-0-4-0 shelljs@0.4.0
46 silly lockFile 4eefcf44-shelljs-0-4-0 shelljs@0.4.0
47 silly lockFile 9724384e-shelljs shelljs@
48 silly lockFile 9724384e-shelljs shelljs@
49 error Error: EACCES, mkdir '/home/yandrak/.npm/shelljs/0.4.0'
49 error  { [Error: EACCES, mkdir '/home/yandrak/.npm/shelljs/0.4.0']
49 error   errno: 3,
49 error   code: 'EACCES',
49 error   path: '/home/yandrak/.npm/shelljs/0.4.0',
49 error   parent: 'TravelShare' }
50 error Please try running this command again as root/Administrator.
51 error System Linux 3.13.0-39-generic
52 error command "/usr/bin/node" "/usr/bin/npm" "install" "shelljs"
53 error cwd /home/yandrak/ea-final-project/Travel-Share/travel-share-cordova-android
54 error node -v v0.10.38
55 error npm -v 1.4.28
56 error path /home/yandrak/.npm/shelljs/0.4.0
57 error code EACCES
58 error errno 3
59 error stack Error: EACCES, mkdir '/home/yandrak/.npm/shelljs/0.4.0'
60 verbose exit [ 3, true ]
